Base path: E:/HY Program/Unity/Editor/Data
Pipe name: \\.\pipe\UnityShaderCompiler-1-7008
Cmd: getPlatforms
Cmd: preprocess
  insize=1637 outsize=467 ok=1
Cmd: preprocess
  insize=1292 outsize=421 ok=1
Cmd: preprocess
  insize=1122 outsize=420 ok=1
Cmd: preprocess
  insize=1255 outsize=553 ok=1
Cmd: preprocess
  insize=1069 outsize=1351 ok=1
Cmd: preprocess
  insize=1638 outsize=464 ok=1
Cmd: preprocess
  insize=1345 outsize=643 ok=1
Cmd: preprocess
  insize=1467 outsize=463 ok=1
Cmd: preprocess
  insize=1291 outsize=426 ok=1
